#
# There is insufficient memory for the Java Runtime Environment to continue.
# Native memory allocation (malloc) failed to allocate 53312 bytes for Chunk::new
# Possible reasons:
#   The system is out of physical RAM or swap space
#   The process is running with CompressedOops enabled, and the Java Heap may be blocking the growth of the native heap
# Possible solutions:
#   Reduce memory load on the system
#   Increase physical memory or swap space
#   Check if swap backing store is full
#   Decrease Java heap size (-Xmx/-Xms)
#   Decrease number of Java threads
#   Decrease Java thread stack sizes (-Xss)
#   Set larger code cache with -XX:ReservedCodeCacheSize=
#   JVM is running with Unscaled Compressed Oops mode in which the Java heap is
#     placed in the first 4GB address space. The Java Heap base address is the
#     maximum limit for the native heap growth. Please use -XX:HeapBaseMinAddress
#     to set the Java Heap base and to place the Java Heap above 4GB virtual address.
# This output file may be truncated or incomplete.
#
#  Out of Memory Error (allocation.cpp:389), pid=9944, tid=0x000000000000048c
#
# JRE version: Java(TM) SE Runtime Environment (8.0_271-b09) (build 1.8.0_271-b09)
# Java VM: Java HotSpot(TM) 64-Bit Server VM (25.271-b09 mixed mode windows-amd64 compressed oops)
# Failed to write core dump. Minidumps are not enabled by default on client versions of Windows
#

---------------  T H R E A D  ---------------

Current thread (0x000001d8be871800):  JavaThread "background-preinit" [_thread_in_vm, id=1164, stack(0x000000ad35300000,0x000000ad35400000)]

Stack: [0x000000ad35300000,0x000000ad35400000]
Native frames: (J=compiled Java code, j=interpreted, Vv=VM code, C=native code)
V  [jvm.dll+0x33f6c9]

Java frames: (J=compiled Java code, j=interpreted, Vv=VM code)
J 1087  java.lang.ClassLoader.defineClass1(Ljava/lang/String;[BIILjava/security/ProtectionDomain;Ljava/lang/String;)Ljava/lang/Class; (0 bytes) @ 0x000001d8aac3c91f [0x000001d8aac3c880+0x9f]
J 1010 C1 java.lang.ClassLoader.defineClass(Ljava/lang/String;[BIILjava/security/ProtectionDomain;)Ljava/lang/Class; (43 bytes) @ 0x000001d8aac1125c [0x000001d8aac11160+0xfc]
J 1017 C1 java.net.URLClassLoader.defineClass(Ljava/lang/String;Lsun/misc/Resource;)Ljava/lang/Class; (142 bytes) @ 0x000001d8aac14b64 [0x000001d8aac14180+0x9e4]
J 945 C1 java.net.URLClassLoader$1.run()Ljava/lang/Class; (63 bytes) @ 0x000001d8aabf6fb4 [0x000001d8aabf6f00+0xb4]
J 944 C1 java.net.URLClassLoader$1.run()Ljava/lang/Object; (5 bytes) @ 0x000001d8aabf6bd4 [0x000001d8aabf6ba0+0x34]
v  ~StubRoutines::call_stub
J 751  java.security.AccessController.doPrivileged(Ljava/security/PrivilegedExceptionAction;Ljava/security/AccessControlContext;)Ljava/lang/Object; (0 bytes) @ 0x000001d8aab85b66 [0x000001d8aab85b00+0x66]
J 873 C1 java.net.URLClassLoader.findClass(Ljava/lang/String;)Ljava/lang/Class; (47 bytes) @ 0x000001d8aabcd934 [0x000001d8aabcd880+0xb4]
J 667 C1 java.lang.ClassLoader.loadClass(Ljava/lang/String;Z)Ljava/lang/Class; (122 bytes) @ 0x000001d8aab54a74 [0x000001d8aab54760+0x314]
J 808 C1 sun.misc.Launcher$AppClassLoader.loadClass(Ljava/lang/String;Z)Ljava/lang/Class; (85 bytes) @ 0x000001d8aaba8e04 [0x000001d8aaba8b20+0x2e4]
J 924 C1 java.lang.ClassLoader.loadClass(Ljava/lang/String;)Ljava/lang/Class; (7 bytes) @ 0x000001d8aabede24 [0x000001d8aabedde0+0x44]
v  ~StubRoutines::call_stub
J 1087  java.lang.ClassLoader.defineClass1(Ljava/lang/String;[BIILjava/security/ProtectionDomain;Ljava/lang/String;)Ljava/lang/Class; (0 bytes) @ 0x000001d8aac3c91f [0x000001d8aac3c880+0x9f]
J 1010 C1 java.lang.ClassLoader.defineClass(Ljava/lang/String;[BIILjava/security/ProtectionDomain;)Ljava/lang/Class; (43 bytes) @ 0x000001d8aac1125c [0x000001d8aac11160+0xfc]
J 1017 C1 java.net.URLClassLoader.defineClass(Ljava/lang/String;Lsun/misc/Resource;)Ljava/lang/Class; (142 bytes) @ 0x000001d8aac14b64 [0x000001d8aac14180+0x9e4]
J 945 C1 java.net.URLClassLoader$1.run()Ljava/lang/Class; (63 bytes) @ 0x000001d8aabf6fb4 [0x000001d8aabf6f00+0xb4]
J 944 C1 java.net.URLClassLoader$1.run()Ljava/lang/Object; (5 bytes) @ 0x000001d8aabf6bd4 [0x000001d8aabf6ba0+0x34]
v  ~StubRoutines::call_stub
J 751  java.security.AccessController.doPrivileged(Ljava/security/PrivilegedExceptionAction;Ljava/security/AccessControlContext;)Ljava/lang/Object; (0 bytes) @ 0x000001d8aab85b66 [0x000001d8aab85b00+0x66]
J 873 C1 java.net.URLClassLoader.findClass(Ljava/lang/String;)Ljava/lang/Class; (47 bytes) @ 0x000001d8aabcd934 [0x000001d8aabcd880+0xb4]
J 667 C1 java.lang.ClassLoader.loadClass(Ljava/lang/String;Z)Ljava/lang/Class; (122 bytes) @ 0x000001d8aab54a74 [0x000001d8aab54760+0x314]
J 808 C1 sun.misc.Launcher$AppClassLoader.loadClass(Ljava/lang/String;Z)Ljava/lang/Class; (85 bytes) @ 0x000001d8aaba8e04 [0x000001d8aaba8b20+0x2e4]
J 924 C1 java.lang.ClassLoader.loadClass(Ljava/lang/String;)Ljava/lang/Class; (7 bytes) @ 0x000001d8aabede24 [0x000001d8aabedde0+0x44]
v  ~StubRoutines::call_stub
j  com.fasterxml.jackson.databind.ObjectMapper.<init>(Lcom/fasterxml/jackson/core/JsonFactory;Lcom/fasterxml/jackson/databind/ser/DefaultSerializerProvider;Lcom/fasterxml/jackson/databind/deser/DefaultDeserializationContext;)V+436
j  com.fasterxml.jackson.databind.ObjectMapper.<init>()V+17
j  org.springframework.http.converter.json.Jackson2ObjectMapperBuilder.build()Lcom/fasterxml/jackson/databind/ObjectMapper;+124
j  org.springframework.http.converter.json.MappingJackson2HttpMessageConverter.<init>()V+17
j  org.springframework.http.converter.support.AllEncompassingFormHttpMessageConverter.<init>()V+128
j  org.springframework.boot.autoconfigure.BackgroundPreinitializer$MessageConverterInitializer.run()V+17
j  org.springframework.boot.autoconfigure.BackgroundPreinitializer$1.runSafely(Ljava/lang/Runnable;)V+14
j  org.springframework.boot.autoconfigure.BackgroundPreinitializer$1.run()V+60
j  java.lang.Thread.run()V+11
v  ~StubRoutines::call_stub

---------------  P R O C E S S  ---------------

Java Threads: ( => current thread )
=>0x000001d8be871800 JavaThread "background-preinit" [_thread_in_vm, id=1164, stack(0x000000ad35300000,0x000000ad35400000)]
  0x000001d8be4cf000 JavaThread "RMI TCP Accept-0" daemon [_thread_in_native, id=1256, stack(0x000000ad35100000,0x000000ad35200000)]
  0x000001d8be259800 JavaThread "Service Thread" daemon [_thread_blocked, id=5584, stack(0x000000ad35000000,0x000000ad35100000)]
  0x000001d8be203000 JavaThread "C1 CompilerThread2" daemon [_thread_blocked, id=3652, stack(0x000000ad34f00000,0x000000ad35000000)]
  0x000001d8be1da000 JavaThread "C2 CompilerThread1" daemon [_thread_blocked, id=10140, stack(0x000000ad34e00000,0x000000ad34f00000)]
  0x000001d8be1cd000 JavaThread "C2 CompilerThread0" daemon [_thread_blocked, id=5160, stack(0x000000ad34d00000,0x000000ad34e00000)]
  0x000001d8be1c5800 JavaThread "Monitor Ctrl-Break" daemon [_thread_in_native, id=7756, stack(0x000000ad34c00000,0x000000ad34d00000)]
  0x000001d8bcc3b000 JavaThread "Attach Listener" daemon [_thread_blocked, id=6032, stack(0x000000ad34b00000,0x000000ad34c00000)]
  0x000001d8bcc3a000 JavaThread "Signal Dispatcher" daemon [_thread_blocked, id=10748, stack(0x000000ad34a00000,0x000000ad34b00000)]
  0x000001d8a8f82000 JavaThread "Finalizer" daemon [_thread_blocked, id=1616, stack(0x000000ad34900000,0x000000ad34a00000)]
  0x000001d8bcc23000 JavaThread "Reference Handler" daemon [_thread_blocked, id=1436, stack(0x000000ad34800000,0x000000ad34900000)]
  0x000001d8a8ed6000 JavaThread "main" [_thread_in_Java, id=8668, stack(0x000000ad34200000,0x000000ad34300000)]

Other Threads:
  0x000001d8bcc01800 VMThread [stack: 0x000000ad34700000,0x000000ad34800000] [id=3724]
  0x000001d8be4da800 WatcherThread [stack: 0x000000ad35200000,0x000000ad35300000] [id=4552]

VM state:not at safepoint (normal execution)

VM Mutex/Monitor currently owned by a thread: None

heap address: 0x00000000c1c00000, size: 996 MB, Compressed Oops mode: 32-bit
Narrow klass base: 0x0000000000000000, Narrow klass shift: 3
Compressed class space size: 1073741824 Address: 0x0000000100000000

Heap:
 PSYoungGen      total 110080K, used 96291K [0x00000000eb400000, 0x00000000f6480000, 0x0000000100000000)
  eden space 101888K, 94% used [0x00000000eb400000,0x00000000f1208f40,0x00000000f1780000)
  from space 8192K, 0% used [0x00000000f1780000,0x00000000f1780000,0x00000000f1f80000)
  to   space 8704K, 0% used [0x00000000f5c00000,0x00000000f5c00000,0x00000000f6480000)
 ParOldGen       total 42496K, used 14560K [0x00000000c1c00000, 0x00000000c4580000, 0x00000000eb400000)
  object space 42496K, 34% used [0x00000000c1c00000,0x00000000c2a382f0,0x00000000c4580000)
 Metaspace       used 23234K, capacity 24038K, committed 24192K, reserved 1073152K
  class space    used 2934K, capacity 3132K, committed 3200K, reserved 1048576K

Card table byte_map: [0x000001d8b9ce0000,0x000001d8b9ee0000] byte_map_base: 0x000001d8b96d2000

Marking Bits: (ParMarkBitMap*) 0x0000000071047fe0
 Begin Bits: [0x000001d8ba030000, 0x000001d8bafc0000)
 End Bits:   [0x000001d8bafc0000, 0x000001d8bbf50000)

Polling page: 0x000001d8a8e40000

CodeCache: size=245760Kb used=5636Kb max_used=5636Kb free=240123Kb
 bounds [0x000001d8aa920000, 0x000001d8aaeb0000, 0x000001d8b9920000]
 total_blobs=2431 nmethods=2020 adapters=322
 compilation: enabled

Compilation events (10 events):
Event: 50.941 Thread 0x000001d8be203000 2033       1       java.lang.invoke.LambdaForm$DMH/1659791576::invokeStatic_LLILI_L (22 bytes)
Event: 50.942 Thread 0x000001d8be203000 nmethod 2033 0x000001d8aae9d250 code [0x000001d8aae9d3c0, 0x000001d8aae9d540]
Event: 50.960 Thread 0x000001d8be203000 2034       1       org.springframework.core.annotation.AnnotationTypeMapping::filledIntArray (38 bytes)
Event: 50.963 Thread 0x000001d8be203000 nmethod 2034 0x000001d8aae9d650 code [0x000001d8aae9d840, 0x000001d8aae9e030]
Event: 50.980 Thread 0x000001d8be203000 2035       1       org.springframework.core.annotation.AnnotationTypeMapping::getMirrorSets (18 bytes)
Event: 50.982 Thread 0x000001d8be203000 nmethod 2035 0x000001d8aae9e750 code [0x000001d8aae9e8e0, 0x000001d8aae9ec30]
Event: 51.011 Thread 0x000001d8be203000 2036       1       org.springframework.core.annotation.MergedAnnotationsCollection::isMappingForType (67 bytes)
Event: 51.016 Thread 0x000001d8be203000 nmethod 2036 0x000001d8aae9eed0 code [0x000001d8aae9f120, 0x000001d8aae9fb70]
Event: 51.016 Thread 0x000001d8be203000 2037       1       org.springframework.boot.autoconfigure.AutoConfigurationMetadataLoader$PropertiesAutoConfigurationMetadata::getSet (46 bytes)
Event: 51.019 Thread 0x000001d8be203000 nmethod 2037 0x000001d8aaea0610 code [0x000001d8aaea0800, 0x000001d8aaea0e30]

GC Heap History (10 events):
Event: 37.279 GC heap before
{Heap before GC invocations=8 (full 0):
 PSYoungGen      total 37376K, used 37024K [0x00000000eb400000, 0x00000000efd00000, 0x0000000100000000)
  eden space 32768K, 100% used [0x00000000eb400000,0x00000000ed400000,0x00000000ed400000)
  from space 4608K, 92% used [0x00000000ed400000,0x00000000ed828318,0x00000000ed880000)
  to   space 4608K, 0% used [0x00000000ef880000,0x00000000ef880000,0x00000000efd00000)
 ParOldGen       total 44032K, used 6483K [0x00000000c1c00000, 0x00000000c4700000, 0x00000000eb400000)
  object space 44032K, 14% used [0x00000000c1c00000,0x00000000c2254e28,0x00000000c4700000)
 Metaspace       used 15419K, capacity 16060K, committed 16256K, reserved 1062912K
  class space    used 1942K, capacity 2100K, committed 2176K, reserved 1048576K
Event: 37.310 GC heap after
Heap after GC invocations=8 (full 0):
 PSYoungGen      total 68608K, used 4601K [0x00000000eb400000, 0x00000000f0000000, 0x0000000100000000)
  eden space 64000K, 0% used [0x00000000eb400000,0x00000000eb400000,0x00000000ef280000)
  from space 4608K, 99% used [0x00000000ef880000,0x00000000efcfe640,0x00000000efd00000)
  to   space 6144K, 0% used [0x00000000ef280000,0x00000000ef280000,0x00000000ef880000)
 ParOldGen       total 44032K, used 8540K [0x00000000c1c00000, 0x00000000c4700000, 0x00000000eb400000)
  object space 44032K, 19% used [0x00000000c1c00000,0x00000000c2457130,0x00000000c4700000)
 Metaspace       used 15419K, capacity 16060K, committed 16256K, reserved 1062912K
  class space    used 1942K, capacity 2100K, committed 2176K, reserved 1048576K
}
Event: 39.980 GC heap before
{Heap before GC invocations=9 (full 0):
 PSYoungGen      total 68608K, used 68601K [0x00000000eb400000, 0x00000000f0000000, 0x0000000100000000)
  eden space 64000K, 100% used [0x00000000eb400000,0x00000000ef280000,0x00000000ef280000)
  from space 4608K, 99% used [0x00000000ef880000,0x00000000efcfe640,0x00000000efd00000)
  to   space 6144K, 0% used [0x00000000ef280000,0x00000000ef280000,0x00000000ef880000)
 ParOldGen       total 44032K, used 8540K [0x00000000c1c00000, 0x00000000c4700000, 0x00000000eb400000)
  object space 44032K, 19% used [0x00000000c1c00000,0x00000000c2457130,0x00000000c4700000)
 Metaspace       used 17878K, capacity 18624K, committed 18816K, reserved 1064960K
  class space    used 2253K, capacity 2430K, committed 2432K, reserved 1048576K
Event: 40.008 GC heap after
Heap after GC invocations=9 (full 0):
 PSYoungGen      total 70144K, used 6142K [0x00000000eb400000, 0x00000000f2700000, 0x0000000100000000)
  eden space 64000K, 0% used [0x00000000eb400000,0x00000000eb400000,0x00000000ef280000)
  from space 6144K, 99% used [0x00000000ef280000,0x00000000ef87fba0,0x00000000ef880000)
  to   space 7680K, 0% used [0x00000000f1f80000,0x00000000f1f80000,0x00000000f2700000)
 ParOldGen       total 44032K, used 11097K [0x00000000c1c00000, 0x00000000c4700000, 0x00000000eb400000)
  object space 44032K, 25% used [0x00000000c1c00000,0x00000000c26d67f0,0x00000000c4700000)
 Metaspace       used 17878K, capacity 18624K, committed 18816K, reserved 1064960K
  class space    used 2253K, capacity 2430K, committed 2432K, reserved 1048576K
}
Event: 42.880 GC heap before
{Heap before GC invocations=10 (full 0):
 PSYoungGen      total 70144K, used 70142K [0x00000000eb400000, 0x00000000f2700000, 0x0000000100000000)
  eden space 64000K, 100% used [0x00000000eb400000,0x00000000ef280000,0x00000000ef280000)
  from space 6144K, 99% used [0x00000000ef280000,0x00000000ef87fba0,0x00000000ef880000)
  to   space 7680K, 0% used [0x00000000f1f80000,0x00000000f1f80000,0x00000000f2700000)
 ParOldGen       total 44032K, used 11097K [0x00000000c1c00000, 0x00000000c4700000, 0x00000000eb400000)
  object space 44032K, 25% used [0x00000000c1c00000,0x00000000c26d67f0,0x00000000c4700000)
 Metaspace       used 19855K, capacity 20650K, committed 20736K, reserved 1067008K
  class space    used 2601K, capacity 2804K, committed 2816K, reserved 1048576K
Event: 42.923 GC heap after
Heap after GC invocations=10 (full 0):
 PSYoungGen      total 109568K, used 7045K [0x00000000eb400000, 0x00000000f2800000, 0x0000000100000000)
  eden space 101888K, 0% used [0x00000000eb400000,0x00000000eb400000,0x00000000f1780000)
  from space 7680K, 91% used [0x00000000f1f80000,0x00000000f2661780,0x00000000f2700000)
  to   space 8192K, 0% used [0x00000000f1780000,0x00000000f1780000,0x00000000f1f80000)
 ParOldGen       total 44032K, used 13726K [0x00000000c1c00000, 0x00000000c4700000, 0x00000000eb400000)
  object space 44032K, 31% used [0x00000000c1c00000,0x00000000c29678c0,0x00000000c4700000)
 Metaspace       used 19855K, capacity 20650K, committed 20736K, reserved 1067008K
  class space    used 2601K, capacity 2804K, committed 2816K, reserved 1048576K
}
Event: 43.937 GC heap before
{Heap before GC invocations=11 (full 0):
 PSYoungGen      total 109568K, used 27961K [0x00000000eb400000, 0x00000000f2800000, 0x0000000100000000)
  eden space 101888K, 20% used [0x00000000eb400000,0x00000000ec86ce28,0x00000000f1780000)
  from space 7680K, 91% used [0x00000000f1f80000,0x00000000f2661780,0x00000000f2700000)
  to   space 8192K, 0% used [0x00000000f1780000,0x00000000f1780000,0x00000000f1f80000)
 ParOldGen       total 44032K, used 13726K [0x00000000c1c00000, 0x00000000c4700000, 0x00000000eb400000)
  object space 44032K, 31% used [0x00000000c1c00000,0x00000000c29678c0,0x00000000c4700000)
 Metaspace       used 20444K, capacity 21208K, committed 21296K, reserved 1067008K
  class space    used 2666K, capacity 2879K, committed 2944K, reserved 1048576K
Event: 43.967 GC heap after
Heap after GC invocations=11 (full 0):
 PSYoungGen      total 110080K, used 1720K [0x00000000eb400000, 0x00000000f6480000, 0x0000000100000000)
  eden space 101888K, 0% used [0x00000000eb400000,0x00000000eb400000,0x00000000f1780000)
  from space 8192K, 21% used [0x00000000f1780000,0x00000000f192e3c8,0x00000000f1f80000)
  to   space 8704K, 0% used [0x00000000f5c00000,0x00000000f5c00000,0x00000000f6480000)
 ParOldGen       total 44032K, used 18685K [0x00000000c1c00000, 0x00000000c4700000, 0x00000000eb400000)
  object space 44032K, 42% used [0x00000000c1c00000,0x00000000c2e3f738,0x00000000c4700000)
 Metaspace       used 20444K, capacity 21208K, committed 21296K, reserved 1067008K
  class space    used 2666K, capacity 2879K, committed 2944K, reserved 1048576K
}
Event: 43.968 GC heap before
{Heap before GC invocations=12 (full 1):
 PSYoungGen      total 110080K, used 1720K [0x00000000eb400000, 0x00000000f6480000, 0x0000000100000000)
  eden space 101888K, 0% used [0x00000000eb400000,0x00000000eb400000,0x00000000f1780000)
  from space 8192K, 21% used [0x00000000f1780000,0x00000000f192e3c8,0x00000000f1f80000)
  to   space 8704K, 0% used [0x00000000f5c00000,0x00000000f5c00000,0x00000000f6480000)
 ParOldGen       total 44032K, used 18685K [0x00000000c1c00000, 0x00000000c4700000, 0x00000000eb400000)
  object space 44032K, 42% used [0x00000000c1c00000,0x00000000c2e3f738,0x00000000c4700000)
 Metaspace       used 20444K, capacity 21208K, committed 21296K, reserved 1067008K
  class space    used 2666K, capacity 2879K, committed 2944K, reserved 1048576K
Event: 44.453 GC heap after
Heap after GC invocations=12 (full 1):
 PSYoungGen      total 110080K, used 0K [0x00000000eb400000, 0x00000000f6480000, 0x0000000100000000)
  eden space 101888K, 0% used [0x00000000eb400000,0x00000000eb400000,0x00000000f1780000)
  from space 8192K, 0% used [0x00000000f1780000,0x00000000f1780000,0x00000000f1f80000)
  to   space 8704K, 0% used [0x00000000f5c00000,0x00000000f5c00000,0x00000000f6480000)
 ParOldGen       total 42496K, used 14560K [0x00000000c1c00000, 0x00000000c4580000, 0x00000000eb400000)
  object space 42496K, 34% used [0x00000000c1c00000,0x00000000c2a382f0,0x00000000c4580000)
 Metaspace       used 20444K, capacity 21208K, committed 21296K, reserved 1067008K
  class space    used 2666K, capacity 2879K, committed 2944K, reserved 1048576K
}

Deoptimization events (0 events):
No events

Classes redefined (0 events):
No events

Internal exceptions (10 events):
Event: 41.539 Thread 0x000001d8be871800 Exception <a 'java/lang/ArrayIndexOutOfBoundsException'> (0x00000000ee68f140) thrown at [C:\jenkins\workspace\8-2-build-windows-amd64-cygwin\jdk8u271\605\hotspot\src\share\vm\runtime\sharedRuntime.cpp, line 609]
Event: 41.546 Thread 0x000001d8be871800 Exception <a 'java/lang/ArrayIndexOutOfBoundsException'> (0x00000000ee6c94e8) thrown at [C:\jenkins\workspace\8-2-build-windows-amd64-cygwin\jdk8u271\605\hotspot\src\share\vm\runtime\sharedRuntime.cpp, line 609]
Event: 41.553 Thread 0x000001d8be871800 Exception <a 'java/lang/ArrayIndexOutOfBoundsException'> (0x00000000ee700d80) thrown at [C:\jenkins\workspace\8-2-build-windows-amd64-cygwin\jdk8u271\605\hotspot\src\share\vm\runtime\sharedRuntime.cpp, line 609]
Event: 41.560 Thread 0x000001d8be871800 Exception <a 'java/lang/ArrayIndexOutOfBoundsException'> (0x00000000ee73dcb8) thrown at [C:\jenkins\workspace\8-2-build-windows-amd64-cygwin\jdk8u271\605\hotspot\src\share\vm\runtime\sharedRuntime.cpp, line 609]
Event: 41.569 Thread 0x000001d8be871800 Exception <a 'java/lang/ArrayIndexOutOfBoundsException'> (0x00000000ee782ec8) thrown at [C:\jenkins\workspace\8-2-build-windows-amd64-cygwin\jdk8u271\605\hotspot\src\share\vm\runtime\sharedRuntime.cpp, line 609]
Event: 41.574 Thread 0x000001d8be871800 Exception <a 'java/lang/ArrayIndexOutOfBoundsException'> (0x00000000ee7affd8) thrown at [C:\jenkins\workspace\8-2-build-windows-amd64-cygwin\jdk8u271\605\hotspot\src\share\vm\runtime\sharedRuntime.cpp, line 609]
Event: 43.151 Thread 0x000001d8be871800 Exception <a 'java/lang/ArrayIndexOutOfBoundsException'> (0x00000000eb98d6d0) thrown at [C:\jenkins\workspace\8-2-build-windows-amd64-cygwin\jdk8u271\605\hotspot\src\share\vm\runtime\sharedRuntime.cpp, line 609]
Event: 43.206 Thread 0x000001d8be871800 Exception <a 'java/lang/ArrayIndexOutOfBoundsException'> (0x00000000eba094c0) thrown at [C:\jenkins\workspace\8-2-build-windows-amd64-cygwin\jdk8u271\605\hotspot\src\share\vm\runtime\sharedRuntime.cpp, line 609]
Event: 44.553 Thread 0x000001d8a8ed6000 Exception <a 'java/lang/NoSuchMethodError': java.lang.Object.lambda$or$2(Ljava/util/function/Predicate;Ljava/lang/Object;)Z> (0x00000000eb8ecb58) thrown at [C:\jenkins\workspace\8-2-build-windows-amd64-cygwin\jdk8u271\605\hotspot\src\share\vm\interpreter\
Event: 50.091 Thread 0x000001d8a8ed6000 Exception <a 'java/lang/IncompatibleClassChangeError': Found class java.lang.Object, but interface was expected> (0x00000000efdd9b48) thrown at [C:\jenkins\workspace\8-2-build-windows-amd64-cygwin\jdk8u271\605\hotspot\src\share\vm\interpreter\linkResolver

Events (10 events):
Event: 50.905 loading class javax/annotation/PostConstruct
Event: 50.928 loading class javax/annotation/PostConstruct done
Event: 50.944 loading class org/springframework/cloud/commons/security/ResourceServerTokenRelayAutoConfiguration$ConditionalOnOAuth2ClientInResourceServer
Event: 50.944 loading class org/springframework/cloud/commons/security/ResourceServerTokenRelayAutoConfiguration$ConditionalOnOAuth2ClientInResourceServer done
Event: 50.961 loading class org/springframework/cloud/commons/security/ResourceServerTokenRelayAutoConfiguration$OAuth2OnClientInResourceServerCondition
Event: 50.961 loading class org/springframework/cloud/commons/security/ResourceServerTokenRelayAutoConfiguration$OAuth2OnClientInResourceServerCondition done
Event: 50.964 loading class org/springframework/boot/autoconfigure/condition/AllNestedConditions
Event: 50.964 loading class org/springframework/boot/autoconfigure/condition/AllNestedConditions done
Event: 50.971 loading class org/springframework/boot/autoconfigure/condition/AbstractNestedCondition
Event: 50.971 loading class org/springframework/boot/autoconfigure/condition/AbstractNestedCondition done


Dynamic libraries:
0x00007ff7d34b0000 - 0x00007ff7d34f7000 	C:\Program Files\Java\jdk1.8.0_271\bin\java.exe
0x00007ffcb3ba0000 - 0x00007ffcb3d8d000 	C:\Windows\SYSTEM32\ntdll.dll
0x00007ffca6f30000 - 0x00007ffca6f42000 	C:\Program Files\AVAST Software\Avast\aswhook.dll
0x00007ffcb11a0000 - 0x00007ffcb1253000 	C:\Windows\System32\KERNEL32.DLL
0x00007ffcb0700000 - 0x00007ffcb0995000 	C:\Windows\System32\KERNELBASE.dll
0x00007ffcb14a0000 - 0x00007ffcb1543000 	C:\Windows\System32\ADVAPI32.dll
0x00007ffcb3a00000 - 0x00007ffcb3a9e000 	C:\Windows\System32\msvcrt.dll
0x00007ffcb10c0000 - 0x00007ffcb115e000 	C:\Windows\System32\sechost.dll
0x00007ffcb2f20000 - 0x00007ffcb3042000 	C:\Windows\System32\RPCRT4.dll
0x00007ffcb0dc0000 - 0x00007ffcb0f57000 	C:\Windows\System32\USER32.dll
0x00007ffcb0da0000 - 0x00007ffcb0dc0000 	C:\Windows\System32\win32u.dll
0x00007ffcb2d80000 - 0x00007ffcb2da9000 	C:\Windows\System32\GDI32.dll
0x00007ffcb09a0000 - 0x00007ffcb0b3a000 	C:\Windows\System32\gdi32full.dll
0x00007ffcb0540000 - 0x00007ffcb05e0000 	C:\Windows\System32\msvcp_win.dll
0x00007ffcb0600000 - 0x00007ffcb06fa000 	C:\Windows\System32\ucrtbase.dll
0x00007ffc9ce70000 - 0x00007ffc9d0e9000 	C:\Windows\WinSxS\amd64_microsoft.windows.common-controls_6595b64144ccf1df_6.0.17763.1282_none_de75b6f253473c0f\COMCTL32.dll
0x00007ffcb2a50000 - 0x00007ffcb2d7c000 	C:\Windows\System32\combase.dll
0x00007ffcb0b40000 - 0x00007ffcb0bbe000 	C:\Windows\System32\bcryptPrimitives.dll
0x00007ffcb1160000 - 0x00007ffcb118e000 	C:\Windows\System32\IMM32.DLL
0x00007ffca9ad0000 - 0x00007ffca9ae5000 	C:\Program Files\Java\jdk1.8.0_271\jre\bin\vcruntime140.dll
0x00007ffc72bc0000 - 0x00007ffc72c5b000 	C:\Program Files\Java\jdk1.8.0_271\jre\bin\msvcp140.dll
0x0000000070850000 - 0x00000000710bf000 	C:\Program Files\Java\jdk1.8.0_271\jre\bin\server\jvm.dll
0x00007ffcb1190000 - 0x00007ffcb1198000 	C:\Windows\System32\PSAPI.DLL
0x00007ffca41d0000 - 0x00007ffca41d9000 	C:\Windows\SYSTEM32\WSOCK32.dll
0x00007ffcb1420000 - 0x00007ffcb148d000 	C:\Windows\System32\WS2_32.dll
0x00007ffcac4b0000 - 0x00007ffcac4d4000 	C:\Windows\SYSTEM32\WINMM.dll
0x00007ffca73f0000 - 0x00007ffca73fa000 	C:\Windows\SYSTEM32\VERSION.dll
0x00007ffcac480000 - 0x00007ffcac4ad000 	C:\Windows\SYSTEM32\WINMMBASE.dll
0x00007ffcafd10000 - 0x00007ffcafd5a000 	C:\Windows\System32\cfgmgr32.dll
0x00007ffcafc20000 - 0x00007ffcafc31000 	C:\Windows\System32\kernel.appcore.dll
0x00007ffca0600000 - 0x00007ffca0610000 	C:\Program Files\Java\jdk1.8.0_271\jre\bin\verify.dll
0x00007ffc72d10000 - 0x00007ffc72d3b000 	C:\Program Files\Java\jdk1.8.0_271\jre\bin\java.dll
0x00007ffca9be0000 - 0x00007ffca9c10000 	C:\Program Files\Java\jdk1.8.0_271\jre\bin\instrument.dll
0x00007ffc72cf0000 - 0x00007ffc72d08000 	C:\Program Files\Java\jdk1.8.0_271\jre\bin\zip.dll
0x00007ffcb1550000 - 0x00007ffcb2a48000 	C:\Windows\System32\SHELL32.dll
0x00007ffcb2dc0000 - 0x00007ffcb2e68000 	C:\Windows\System32\shcore.dll
0x00007ffcafdf0000 - 0x00007ffcb053f000 	C:\Windows\System32\windows.storage.dll
0x00007ffcafb90000 - 0x00007ffcafbb4000 	C:\Windows\System32\profapi.dll
0x00007ffcafbc0000 - 0x00007ffcafc1d000 	C:\Windows\System32\powrprof.dll
0x00007ffcb13c0000 - 0x00007ffcb1412000 	C:\Windows\System32\shlwapi.dll
0x00007ffcb05e0000 - 0x00007ffcb05f7000 	C:\Windows\System32\cryptsp.dll
0x00007ffca4fd0000 - 0x00007ffca4fea000 	C:\Program Files\JetBrains\IntelliJ IDEA 2020.2.4\bin\breakgen64.dll
0x00007ffc72cd0000 - 0x00007ffc72cec000 	C:\Program Files\Java\jdk1.8.0_271\jre\bin\net.dll
0x00007ffcaf390000 - 0x00007ffcaf3f7000 	C:\Windows\system32\mswsock.dll
0x00007ffcaf0f0000 - 0x00007ffcaf1b7000 	C:\Windows\SYSTEM32\DNSAPI.dll
0x00007ffcb1490000 - 0x00007ffcb1498000 	C:\Windows\System32\NSI.dll
0x00007ffcaf0b0000 - 0x00007ffcaf0ed000 	C:\Windows\SYSTEM32\IPHLPAPI.DLL
0x00007ffca4f70000 - 0x00007ffca4f7a000 	C:\Windows\System32\rasadhlp.dll
0x00007ffca5990000 - 0x00007ffca5a09000 	C:\Windows\System32\fwpuclnt.dll
0x00007ffcafd60000 - 0x00007ffcafd86000 	C:\Windows\System32\bcrypt.dll
0x00007ffca7a00000 - 0x00007ffca7a0d000 	C:\Program Files\Java\jdk1.8.0_271\jre\bin\management.dll
0x00007ffc72ba0000 - 0x00007ffc72bb3000 	C:\Program Files\Java\jdk1.8.0_271\jre\bin\nio.dll
0x00007ffcaef10000 - 0x00007ffcaef43000 	C:\Windows\system32\rsaenh.dll
0x00007ffcafac0000 - 0x00007ffcafae8000 	C:\Windows\SYSTEM32\USERENV.dll
0x00007ffcaf560000 - 0x00007ffcaf56c000 	C:\Windows\SYSTEM32\CRYPTBASE.dll
0x00007ffca70e0000 - 0x00007ffca70f6000 	C:\Windows\SYSTEM32\dhcpcsvc6.DLL
0x00007ffca73d0000 - 0x00007ffca73ec000 	C:\Windows\SYSTEM32\dhcpcsvc.DLL
0x00007ffc96070000 - 0x00007ffc96086000 	C:\Windows\system32\napinsp.dll
0x00007ffc96050000 - 0x00007ffc9606a000 	C:\Windows\system32\pnrpnsp.dll
0x00007ffc95750000 - 0x00007ffc9575e000 	C:\Windows\System32\winrnr.dll
0x00007ffcac020000 - 0x00007ffcac03b000 	C:\Windows\system32\NLAapi.dll
0x00007ffc95730000 - 0x00007ffc95745000 	C:\Windows\system32\wshbth.dll

VM Arguments:
jvm_args: -javaagent:C:\Users\dell\AppData\Local\JetBrains\IntelliJIdea2020.2\testAgent\intellij-coverage-agent-1.0.512.jar=C:\Users\dell\AppData\Local\Temp\coverage9args -XX:TieredStopAtLevel=1 -Xverify:none -Dspring.output.ansi.enabled=always -Dcom.sun.management.jmxremote -Dspring.jmx.enabled=true -Dspring.liveBeansView.mbeanDomain -Dspring.application.admin.enabled=true -javaagent:C:\Program Files\JetBrains\IntelliJ IDEA 2020.2.4\lib\idea_rt.jar=61566:C:\Program Files\JetBrains\IntelliJ IDEA 2020.2.4\bin -Dfile.encoding=UTF-8 
java_command: org.sid.eurekadiscovery.EurekaDiscoveryApplication
java_class_path (initial): C:\Program Files\Java\jdk1.8.0_271\jre\lib\charsets.jar;C:\Program Files\Java\jdk1.8.0_271\jre\lib\deploy.jar;C:\Program Files\Java\jdk1.8.0_271\jre\lib\ext\access-bridge-64.jar;C:\Program Files\Java\jdk1.8.0_271\jre\lib\ext\cldrdata.jar;C:\Program Files\Java\jdk1.8.0_271\jre\lib\ext\dnsns.jar;C:\Program Files\Java\jdk1.8.0_271\jre\lib\ext\jaccess.jar;C:\Program Files\Java\jdk1.8.0_271\jre\lib\ext\jfxrt.jar;C:\Program Files\Java\jdk1.8.0_271\jre\lib\ext\localedata.jar;C:\Program Files\Java\jdk1.8.0_271\jre\lib\ext\nashorn.jar;C:\Program Files\Java\jdk1.8.0_271\jre\lib\ext\sunec.jar;C:\Program Files\Java\jdk1.8.0_271\jre\lib\ext\sunjce_provider.jar;C:\Program Files\Java\jdk1.8.0_271\jre\lib\ext\sunmscapi.jar;C:\Program Files\Java\jdk1.8.0_271\jre\lib\ext\sunpkcs11.jar;C:\Program Files\Java\jdk1.8.0_271\jre\lib\ext\zipfs.jar;C:\Program Files\Java\jdk1.8.0_271\jre\lib\javaws.jar;C:\Program Files\Java\jdk1.8.0_271\jre\lib\jce.jar;C:\Program Files\Java\jdk1.8.0_271\jre\lib\jfr.jar;C:\Program Files\Java\jdk1.8.0_271\jre\lib\jfxswt.jar;C:\Program Files\Java\jdk1.8.0_271\jre\lib\jsse.jar;C:\Program Files\Java\jdk1.8.0_271\jre\lib\management-agent.jar;C:\Program Files\Java\jdk1.8.0_271\jre\lib\plugin.jar;C:\Program Files\Java\jdk1.8.0_271\jre\lib\resources.jar;C:\Program Files\Java\jdk1.8.0_271\jre\lib\rt.jar;C:\Users\dell\IdeaProjects\eureka-discovery\target\classes;C:\Users\dell\.m2\repository\org\springframework\cloud\spring-cloud-starter-netflix-eureka-server\3.0.0\spring-cloud-starter-netflix-eureka-server-3.0.0.jar;C:\Users\dell\.m2\repository\org\springframework\cloud\spring-cloud-starter\3.0.0\spring-cloud-starter-3.0.0.jar;C:\Users\dell\.m2\repository\org\springframework\cloud\spring-cloud-context\3.0.0\spring-cloud-context-3.0.0.jar;C:\Users\dell\.m2\repository\org\springframework\security\spring-security-crypto\5.4.2\spring-security-crypto-5.4.2.jar;C:\Users\dell\.m2\repository\org\springframework\cloud\spring-cloud-commons\3.0.0\sprin
Launcher Type: SUN_STANDARD

Environment Variables:
PATH=C:\Program Files (x86)\Common Files\Oracle\Java\javapath;C:\Python38\Scripts\;C:\Python38\;C:\Program Files\Java\jdk-13.0.1\bin;C:\Windows\system32;C:\Windows;C:\Windows\System32\Wbem;C:\Windows\System32\WindowsPowerShell\v1.0\;C:\Windows\System32\OpenSSH\;C:\Windows\system32\config\systemprofile\.dnx\bin;C:\Program Files\Microsoft DNX\Dnvm\;C:\wamp64\bin\php\php5.6.40;C:\ProgramData\ComposerSetup\bin;C:\Program Files\nodejs\;C:\ProgramData\chocolatey\bin;C:\Program Files\Git\cmd;C:\Program Files\PuTTY\;C:\Program Files (x86)\Microsoft SQL Server\110\DTS\Binn\;C:\Users\dell\AppData\Local\Microsoft\WindowsApps;C:\Users\dell\AppData\Roaming\Composer\vendor\bin;C:\GnuWin32\bin;C:\Dev-Cpp\bin;C:\Flex Windows\gcc\bin;C:\Flex Windows\Lex\bin;C:\Flex Windows\bison\bin;C:\Users\dell\AppData\Roaming\npm;C:\Users\dell\AppData\Local\Programs\Microsoft VS Code\bin;C:\Program Files\JetBrains\PyCharm Community Edition 2020.2.3\bin;;C:\Program Files\JetBrains\IntelliJ IDEA Community Edition 2020.2.3\bin;;C:\Program Files\JetBrains\IntelliJ IDEA 2020.2.4\bin;;C:\Program Files\JetBrains\PhpStorm 2020.3\bin;
USERNAME=dell
OS=Windows_NT
PROCESSOR_IDENTIFIER=Intel64 Family 6 Model 42 Stepping 7, GenuineIntel



---------------  S Y S T E M  ---------------

OS: Windows 10.0 , 64 bit Build 17763 (10.0.17763.1158)

CPU:total 4 (initial active 4) (2 cores per cpu, 2 threads per core) family 6 model 42 stepping 7, cmov, cx8, fxsr, mmx, sse, sse2, sse3, ssse3, sse4.1, sse4.2, popcnt, avx, aes, clmul, ht, tsc, tscinvbit

Memory: 4k page, physical 4072340k(22044k free), swap 7552260k(432k free)

vm_info: Java HotSpot(TM) 64-Bit Server VM (25.271-b09) for windows-amd64 JRE (1.8.0_271-b09), built on Sep 16 2020 19:14:59 by "" with MS VC++ 15.9 (VS2017)

time: Fri Jan  1 20:52:43 2021
timezone: Maroc (heure d?été)
elapsed time: 51.210923 seconds (0d 0h 0m 51s)

