#
# A fatal error has been detected by the Java Runtime Environment:
#
#  EXCEPTION_ACCESS_VIOLATION (0xc0000005) at pc=0x000000005585c00b, pid=7016, tid=0x0000000000002fa8
#
# JRE version: Java(TM) SE Runtime Environment (8.0_271-b09) (build 1.8.0_271-b09)
# Java VM: Java HotSpot(TM) 64-Bit Server VM (25.271-b09 mixed mode windows-amd64 compressed oops)
# Problematic frame:
# V  [jvm.dll+0x21c00b]
#
# Failed to write core dump. Minidumps are not enabled by default on client versions of Windows
#
# If you would like to submit a bug report, please visit:
#   http://bugreport.java.com/bugreport/crash.jsp
#

---------------  T H R E A D  ---------------

Current thread (0x000001eeea66b000):  JavaThread "Catalina-utility-2" [_thread_in_vm, id=12200, stack(0x000000cf00d00000,0x000000cf00e00000)]

siginfo: ExceptionCode=0xc0000005, writing address 0x000000cf00dfa450

Registers:
RAX=0x0000000000000006, RBX=0x0000000000000006, RCX=0x000000cf00dfa450, RDX=0x0000000000005000
RSP=0x000000cf00dff450, RBP=0x000000cf00dff550, RSI=0x0000000000000006, RDI=0x000001eee6cfe2f0
R8 =0x0000000000000005, R9 =0x0000000000000006, R10=0x000001eeec3b94b0, R11=0x000001eee6cfe2f0
R12=0x000001eeea7aceb0, R13=0x000000cf00dff820, R14=0x000000cf00dff750, R15=0x000000cf00dff450
RIP=0x000000005585c00b, EFLAGS=0x0000000000010206

Top of Stack: (sp=0x000000cf00dff450)
0x000000cf00dff450:   000001eeea66b000 0000000000000001
0x000000cf00dff460:   000001eee6cfe2f0 000000005571771a
0x000000cf00dff470:   000001eee6cfe2f0 000001eeea66b000
0x000000cf00dff480:   0000000000000000 0000000000000000
0x000000cf00dff490:   0000000a00006c00 000001eee6cfe2f0
0x000000cf00dff4a0:   000001eeea66b000 000001eed54b49a0
0x000000cf00dff4b0:   0000000000000001 00007ffd950756c3
0x000000cf00dff4c0:   000001eee6cfe2f0 00007ffd00000001
0x000000cf00dff4d0:   0000000000000005 000001eeea66b000
0x000000cf00dff4e0:   000001eee6cfe2f0 000001eeea66b000
0x000000cf00dff4f0:   000001eee6cfe2f0 000001eeea66b000
0x000000cf00dff500:   000001eeea66b000 000001eeea66b000
0x000000cf00dff510:   0000000000000005 000001eee6cfe2f0
0x000000cf00dff520:   0000000100006c48 000000005571c9a7
0x000000cf00dff530:   000001eeea7aceb0 000000cf00dff591
0x000000cf00dff540:   000001eee6cfe2f0 0000000000000000 

Instructions: (pc=0x000000005585c00b)
0x000000005585bfeb:   f8 7c 33 48 8b de e8 0a 9c 08 00 48 63 d0 ff c6
0x000000005585bffb:   48 0f af d3 49 8b cf 48 63 c6 48 2b ca 48 ff c3
0x000000005585c00b:   c7 01 00 00 00 00 48 3b 05 30 f5 55 00 7e d7 48
0x000000005585c01b:   8b 9d e8 00 00 00 48 8d 54 24 48 48 8d 4d 50 e8 


Register to memory mapping:

RAX=0x0000000000000006 is an unknown value
RBX=0x0000000000000006 is an unknown value
RCX=0x000000cf00dfa450 is pointing into the stack for thread: 0x000001eeea66b000
RDX=0x0000000000005000 is an unknown value
RSP=0x000000cf00dff450 is pointing into the stack for thread: 0x000001eeea66b000
RBP=0x000000cf00dff550 is pointing into the stack for thread: 0x000001eeea66b000
RSI=0x0000000000000006 is an unknown value
RDI={method} {0x000001eee6cfe2f8} 'run' '()V' in 'java/lang/Thread'
R8 =0x0000000000000005 is an unknown value
R9 =0x0000000000000006 is an unknown value
R10=0x000001eeec3b94b0 is an unknown value
R11={method} {0x000001eee6cfe2f8} 'run' '()V' in 'java/lang/Thread'
R12=0x000001eeea7aceb0 is an unknown value
R13=0x000000cf00dff820 is pointing into the stack for thread: 0x000001eeea66b000
R14=0x000000cf00dff750 is pointing into the stack for thread: 0x000001eeea66b000
R15=0x000000cf00dff450 is pointing into the stack for thread: 0x000001eeea66b000


Stack: [0x000000cf00d00000,0x000000cf00e00000],  sp=0x000000cf00dff450,  free space=1021k
Native frames: (J=compiled Java code, j=interpreted, Vv=VM code, C=native code)
V  [jvm.dll+0x21c00b]


---------------  P R O C E S S  ---------------

Java Threads: ( => current thread )
  0x000001eeebf81000 JavaThread "container-0" [_thread_blocked, id=2468, stack(0x000000cf00e00000,0x000000cf00f00000)]
=>0x000001eeea66b000 JavaThread "Catalina-utility-2" [_thread_in_vm, id=12200, stack(0x000000cf00d00000,0x000000cf00e00000)]
  0x000001eeea66a000 JavaThread "Catalina-utility-1" [_thread_blocked, id=6460, stack(0x000000cf00c00000,0x000000cf00d00000)]
  0x000001eee9bf4800 JavaThread "restartedMain" [_thread_in_Java, id=12440, stack(0x000000cf00900000,0x000000cf00a00000)]
  0x000001eee9bf3800 JavaThread "Thread-1" [_thread_blocked, id=5440, stack(0x000000cf00800000,0x000000cf00900000)]
  0x000001eee929c000 JavaThread "RMI TCP Accept-0" daemon [_thread_in_native, id=228, stack(0x000000cf00600000,0x000000cf00700000)]
  0x000001eee9033000 JavaThread "Service Thread" daemon [_thread_blocked, id=12744, stack(0x000000cf00500000,0x000000cf00600000)]
  0x000001eee8f9c000 JavaThread "C1 CompilerThread2" daemon [_thread_blocked, id=10756, stack(0x000000cf00400000,0x000000cf00500000)]
  0x000001eee8f8b800 JavaThread "C2 CompilerThread1" daemon [_thread_blocked, id=12736, stack(0x000000cf00300000,0x000000cf00400000)]
  0x000001eee8f8a000 JavaThread "C2 CompilerThread0" daemon [_thread_blocked, id=4060, stack(0x000000cf00200000,0x000000cf00300000)]
  0x000001eee8f86800 JavaThread "Monitor Ctrl-Break" daemon [_thread_in_native, id=12024, stack(0x000000cf00100000,0x000000cf00200000)]
  0x000001eee77cc800 JavaThread "Attach Listener" daemon [_thread_blocked, id=1456, stack(0x000000cf00000000,0x000000cf00100000)]
  0x000001eee77c9800 JavaThread "Signal Dispatcher" daemon [_thread_blocked, id=10176, stack(0x000000cf7ff00000,0x000000cf80000000)]
  0x000001eed3a9c800 JavaThread "Finalizer" daemon [_thread_blocked, id=13176, stack(0x000000cf7fe00000,0x000000cf7ff00000)]
  0x000001eee77a3000 JavaThread "Reference Handler" daemon [_thread_blocked, id=6380, stack(0x000000cf7fd00000,0x000000cf7fe00000)]
  0x000001eed39f1000 JavaThread "main" [_thread_blocked, id=3828, stack(0x000000cf7f700000,0x000000cf7f800000)]

Other Threads:
  0x000001eee7780800 VMThread [stack: 0x000000cf7fc00000,0x000000cf7fd00000] [id=9192]
  0x000001eee92af800 WatcherThread [stack: 0x000000cf00700000,0x000000cf00800000] [id=4924]

VM state:not at safepoint (normal execution)

VM Mutex/Monitor currently owned by a thread: None

OutOfMemory and StackOverflow Exception counts:
OutOfMemoryError java_heap_errors=2

heap address: 0x00000000c1c00000, size: 996 MB, Compressed Oops mode: 32-bit
Narrow klass base: 0x0000000000000000, Narrow klass shift: 3
Compressed class space size: 1073741824 Address: 0x0000000100000000

Heap:
 PSYoungGen      total 138240K, used 77802K [0x00000000eb400000, 0x00000000f4300000, 0x0000000100000000)
  eden space 130560K, 59% used [0x00000000eb400000,0x00000000efffa8f0,0x00000000f3380000)
  from space 7680K, 0% used [0x00000000f3380000,0x00000000f3380000,0x00000000f3b00000)
  to   space 7168K, 0% used [0x00000000f3b00000,0x00000000f3b00000,0x00000000f4200000)
 ParOldGen       total 29696K, used 20109K [0x00000000c1c00000, 0x00000000c3900000, 0x00000000eb400000)
  object space 29696K, 67% used [0x00000000c1c00000,0x00000000c2fa3428,0x00000000c3900000)
 Metaspace       used 36299K, capacity 38396K, committed 38616K, reserved 1083392K
  class space    used 4974K, capacity 5363K, committed 5376K, reserved 1048576K

Card table byte_map: [0x000001eee4860000,0x000001eee4a60000] byte_map_base: 0x000001eee4252000

Marking Bits: (ParMarkBitMap*) 0x0000000055e37fe0
 Begin Bits: [0x000001eee4bb0000, 0x000001eee5b40000)
 End Bits:   [0x000001eee5b40000, 0x000001eee6ad0000)

Polling page: 0x000001eed3b80000

CodeCache: size=245760Kb used=7475Kb max_used=7475Kb free=238284Kb
 bounds [0x000001eed54a0000, 0x000001eed5bf0000, 0x000001eee44a0000]
 total_blobs=4154 nmethods=3687 adapters=379
 compilation: enabled

Compilation events (10 events):
Event: 67.485 Thread 0x000001eee8f9c000 3729       1       java.beans.PropertyDescriptor::setPropertyType (9 bytes)
Event: 67.486 Thread 0x000001eee8f9c000 nmethod 3729 0x000001eed5beb010 code [0x000001eed5beb180, 0x000001eed5beb350]
Event: 67.669 Thread 0x000001eee8f9c000 3730       1       org.springframework.beans.factory.support.AbstractAutowireCapableBeanFactory::applyBeanPostProcessorsAfterInitialization (61 bytes)
Event: 67.670 Thread 0x000001eee8f9c000 nmethod 3730 0x000001eed5beb450 code [0x000001eed5beb5e0, 0x000001eed5beb840]
Event: 67.761 Thread 0x000001eee8f9c000 3731       1       java.util.Locale::equals (75 bytes)
Event: 67.762 Thread 0x000001eee8f9c000 nmethod 3731 0x000001eed5beb990 code [0x000001eed5bebb20, 0x000001eed5bebe20]
Event: 67.856 Thread 0x000001eee8f9c000 3732       1       sun.util.locale.BaseLocale::getScript (5 bytes)
Event: 67.857 Thread 0x000001eee8f9c000 nmethod 3732 0x000001eed5bebfd0 code [0x000001eed5bec120, 0x000001eed5bec238]
Event: 67.919 Thread 0x000001eee8f9c000 3733       1       org.apache.catalina.LifecycleState::getLifecycleEvent (5 bytes)
Event: 67.920 Thread 0x000001eee8f9c000 nmethod 3733 0x000001eed5bec290 code [0x000001eed5bec3e0, 0x000001eed5bec4f8]

GC Heap History (10 events):
Event: 40.504 GC heap before
{Heap before GC invocations=11 (full 1):
 PSYoungGen      total 138240K, used 130560K [0x00000000eb400000, 0x00000000f4300000, 0x0000000100000000)
  eden space 130560K, 100% used [0x00000000eb400000,0x00000000f3380000,0x00000000f3380000)
  from space 7680K, 0% used [0x00000000f3380000,0x00000000f3380000,0x00000000f3b00000)
  to   space 7168K, 0% used [0x00000000f3b00000,0x00000000f3b00000,0x00000000f4200000)
 ParOldGen       total 29696K, used 6536K [0x00000000c1c00000, 0x00000000c3900000, 0x00000000eb400000)
  object space 29696K, 22% used [0x00000000c1c00000,0x00000000c22622e8,0x00000000c3900000)
 Metaspace       used 23976K, capacity 25012K, committed 25344K, reserved 1071104K
  class space    used 3233K, capacity 3498K, committed 3584K, reserved 1048576K
Event: 40.529 GC heap after
Heap after GC invocations=11 (full 1):
 PSYoungGen      total 137728K, used 7148K [0x00000000eb400000, 0x00000000f4300000, 0x0000000100000000)
  eden space 130560K, 0% used [0x00000000eb400000,0x00000000eb400000,0x00000000f3380000)
  from space 7168K, 99% used [0x00000000f3b00000,0x00000000f41fb048,0x00000000f4200000)
  to   space 7680K, 0% used [0x00000000f3380000,0x00000000f3380000,0x00000000f3b00000)
 ParOldGen       total 29696K, used 7206K [0x00000000c1c00000, 0x00000000c3900000, 0x00000000eb400000)
  object space 29696K, 24% used [0x00000000c1c00000,0x00000000c23099a8,0x00000000c3900000)
 Metaspace       used 23976K, capacity 25012K, committed 25344K, reserved 1071104K
  class space    used 3233K, capacity 3498K, committed 3584K, reserved 1048576K
}
Event: 49.736 GC heap before
{Heap before GC invocations=12 (full 1):
 PSYoungGen      total 137728K, used 137708K [0x00000000eb400000, 0x00000000f4300000, 0x0000000100000000)
  eden space 130560K, 100% used [0x00000000eb400000,0x00000000f3380000,0x00000000f3380000)
  from space 7168K, 99% used [0x00000000f3b00000,0x00000000f41fb048,0x00000000f4200000)
  to   space 7680K, 0% used [0x00000000f3380000,0x00000000f3380000,0x00000000f3b00000)
 ParOldGen       total 29696K, used 7206K [0x00000000c1c00000, 0x00000000c3900000, 0x00000000eb400000)
  object space 29696K, 24% used [0x00000000c1c00000,0x00000000c23099a8,0x00000000c3900000)
 Metaspace       used 27523K, capacity 28890K, committed 29056K, reserved 1075200K
  class space    used 3799K, capacity 4105K, committed 4224K, reserved 1048576K
Event: 49.817 GC heap after
Heap after GC invocations=12 (full 1):
 PSYoungGen      total 138240K, used 7649K [0x00000000eb400000, 0x00000000f4300000, 0x0000000100000000)
  eden space 130560K, 0% used [0x00000000eb400000,0x00000000eb400000,0x00000000f3380000)
  from space 7680K, 99% used [0x00000000f3380000,0x00000000f3af86c8,0x00000000f3b00000)
  to   space 7168K, 0% used [0x00000000f3b00000,0x00000000f3b00000,0x00000000f4200000)
 ParOldGen       total 29696K, used 11899K [0x00000000c1c00000, 0x00000000c3900000, 0x00000000eb400000)
  object space 29696K, 40% used [0x00000000c1c00000,0x00000000c279ef78,0x00000000c3900000)
 Metaspace       used 27523K, capacity 28890K, committed 29056K, reserved 1075200K
  class space    used 3799K, capacity 4105K, committed 4224K, reserved 1048576K
}
Event: 57.292 GC heap before
{Heap before GC invocations=13 (full 1):
 PSYoungGen      total 138240K, used 138158K [0x00000000eb400000, 0x00000000f4300000, 0x0000000100000000)
  eden space 130560K, 99% used [0x00000000eb400000,0x00000000f33732c8,0x00000000f3380000)
  from space 7680K, 99% used [0x00000000f3380000,0x00000000f3af86c8,0x00000000f3b00000)
  to   space 7168K, 0% used [0x00000000f3b00000,0x00000000f3b00000,0x00000000f4200000)
 ParOldGen       total 29696K, used 11899K [0x00000000c1c00000, 0x00000000c3900000, 0x00000000eb400000)
  object space 29696K, 40% used [0x00000000c1c00000,0x00000000c279ef78,0x00000000c3900000)
 Metaspace       used 32531K, capacity 34426K, committed 34560K, reserved 1079296K
  class space    used 4482K, capacity 4834K, committed 4864K, reserved 1048576K
Event: 57.345 GC heap after
Heap after GC invocations=13 (full 1):
 PSYoungGen      total 137728K, used 7165K [0x00000000eb400000, 0x00000000f4300000, 0x0000000100000000)
  eden space 130560K, 0% used [0x00000000eb400000,0x00000000eb400000,0x00000000f3380000)
  from space 7168K, 99% used [0x00000000f3b00000,0x00000000f41ff7f0,0x00000000f4200000)
  to   space 7680K, 0% used [0x00000000f3380000,0x00000000f3380000,0x00000000f3b00000)
 ParOldGen       total 29696K, used 16158K [0x00000000c1c00000, 0x00000000c3900000, 0x00000000eb400000)
  object space 29696K, 54% used [0x00000000c1c00000,0x00000000c2bc7928,0x00000000c3900000)
 Metaspace       used 32531K, capacity 34426K, committed 34560K, reserved 1079296K
  class space    used 4482K, capacity 4834K, committed 4864K, reserved 1048576K
}
Event: 61.101 GC heap before
{Heap before GC invocations=14 (full 1):
 PSYoungGen      total 137728K, used 123460K [0x00000000eb400000, 0x00000000f4300000, 0x0000000100000000)
  eden space 130560K, 89% used [0x00000000eb400000,0x00000000f25919d0,0x00000000f3380000)
  from space 7168K, 99% used [0x00000000f3b00000,0x00000000f41ff7f0,0x00000000f4200000)
  to   space 7680K, 0% used [0x00000000f3380000,0x00000000f3380000,0x00000000f3b00000)
 ParOldGen       total 29696K, used 16158K [0x00000000c1c00000, 0x00000000c3900000, 0x00000000eb400000)
  object space 29696K, 54% used [0x00000000c1c00000,0x00000000c2bc7928,0x00000000c3900000)
 Metaspace       used 33440K, capacity 35334K, committed 35416K, reserved 1079296K
  class space    used 4581K, capacity 4938K, committed 4992K, reserved 1048576K
Event: 61.168 GC heap after
Heap after GC invocations=14 (full 1):
 PSYoungGen      total 138240K, used 4877K [0x00000000eb400000, 0x00000000f4300000, 0x0000000100000000)
  eden space 130560K, 0% used [0x00000000eb400000,0x00000000eb400000,0x00000000f3380000)
  from space 7680K, 63% used [0x00000000f3380000,0x00000000f3843698,0x00000000f3b00000)
  to   space 7168K, 0% used [0x00000000f3b00000,0x00000000f3b00000,0x00000000f4200000)
 ParOldGen       total 29696K, used 20586K [0x00000000c1c00000, 0x00000000c3900000, 0x00000000eb400000)
  object space 29696K, 69% used [0x00000000c1c00000,0x00000000c301a968,0x00000000c3900000)
 Metaspace       used 33440K, capacity 35334K, committed 35416K, reserved 1079296K
  class space    used 4581K, capacity 4938K, committed 4992K, reserved 1048576K
}
Event: 61.168 GC heap before
{Heap before GC invocations=15 (full 2):
 PSYoungGen      total 138240K, used 4877K [0x00000000eb400000, 0x00000000f4300000, 0x0000000100000000)
  eden space 130560K, 0% used [0x00000000eb400000,0x00000000eb400000,0x00000000f3380000)
  from space 7680K, 63% used [0x00000000f3380000,0x00000000f3843698,0x00000000f3b00000)
  to   space 7168K, 0% used [0x00000000f3b00000,0x00000000f3b00000,0x00000000f4200000)
 ParOldGen       total 29696K, used 20586K [0x00000000c1c00000, 0x00000000c3900000, 0x00000000eb400000)
  object space 29696K, 69% used [0x00000000c1c00000,0x00000000c301a968,0x00000000c3900000)
 Metaspace       used 33440K, capacity 35334K, committed 35416K, reserved 1079296K
  class space    used 4581K, capacity 4938K, committed 4992K, reserved 1048576K
Event: 61.735 GC heap after
Heap after GC invocations=15 (full 2):
 PSYoungGen      total 138240K, used 0K [0x00000000eb400000, 0x00000000f4300000, 0x0000000100000000)
  eden space 130560K, 0% used [0x00000000eb400000,0x00000000eb400000,0x00000000f3380000)
  from space 7680K, 0% used [0x00000000f3380000,0x00000000f3380000,0x00000000f3b00000)
  to   space 7168K, 0% used [0x00000000f3b00000,0x00000000f3b00000,0x00000000f4200000)
 ParOldGen       total 29696K, used 20109K [0x00000000c1c00000, 0x00000000c3900000, 0x00000000eb400000)
  object space 29696K, 67% used [0x00000000c1c00000,0x00000000c2fa3428,0x00000000c3900000)
 Metaspace       used 33440K, capacity 35334K, committed 35416K, reserved 1079296K
  class space    used 4581K, capacity 4938K, committed 4992K, reserved 1048576K
}

Deoptimization events (0 events):
No events

Classes redefined (0 events):
No events

Internal exceptions (10 events):
Event: 67.610 Thread 0x000001eee9bf4800 Exception <a 'java/lang/ClassNotFoundException': org/springframework/beans/factory/BeanNameAwareCustomizer> (0x00000000ef634d58) thrown at [C:\jenkins\workspace\8-2-build-windows-amd64-cygwin\jdk8u271\605\hotspot\src\share\vm\classfile\systemDictionary.cp
Event: 67.617 Thread 0x000001eee9bf4800 Exception <a 'java/lang/ClassNotFoundException': org/springframework/beans/factory/AwareCustomizer> (0x00000000ef65cfc8) thrown at [C:\jenkins\workspace\8-2-build-windows-amd64-cygwin\jdk8u271\605\hotspot\src\share\vm\classfile\systemDictionary.cpp, line 
Event: 67.622 Thread 0x000001eee9bf4800 Exception <a 'java/lang/ClassNotFoundException': org/springframework/context/EnvironmentAwareCustomizer> (0x00000000ef686eb8) thrown at [C:\jenkins\workspace\8-2-build-windows-amd64-cygwin\jdk8u271\605\hotspot\src\share\vm\classfile\systemDictionary.cpp, 
Event: 67.629 Thread 0x000001eee9bf4800 Exception <a 'java/lang/ClassNotFoundException': org/springframework/beans/factory/AwareCustomizer> (0x00000000ef6af0f8) thrown at [C:\jenkins\workspace\8-2-build-windows-amd64-cygwin\jdk8u271\605\hotspot\src\share\vm\classfile\systemDictionary.cpp, line 
Event: 67.633 Thread 0x000001eee9bf4800 Exception <a 'java/lang/ClassNotFoundException': org/springframework/core/env/EnvironmentCapableCustomizer> (0x00000000ef6da690) thrown at [C:\jenkins\workspace\8-2-build-windows-amd64-cygwin\jdk8u271\605\hotspot\src\share\vm\classfile\systemDictionary.cp
Event: 67.639 Thread 0x000001eee9bf4800 Exception <a 'java/lang/ClassNotFoundException': org/springframework/web/context/ServletContextAwareCustomizer> (0x00000000ef709b50) thrown at [C:\jenkins\workspace\8-2-build-windows-amd64-cygwin\jdk8u271\605\hotspot\src\share\vm\classfile\systemDictionar
Event: 67.651 Thread 0x000001eee9bf4800 Exception <a 'java/lang/ClassNotFoundException': org/springframework/beans/factory/AwareCustomizer> (0x00000000ef731e50) thrown at [C:\jenkins\workspace\8-2-build-windows-amd64-cygwin\jdk8u271\605\hotspot\src\share\vm\classfile\systemDictionary.cpp, line 
Event: 67.655 Thread 0x000001eee9bf4800 Exception <a 'java/lang/ClassNotFoundException': org/springframework/beans/factory/InitializingBeanCustomizer> (0x00000000ef75f4f8) thrown at [C:\jenkins\workspace\8-2-build-windows-amd64-cygwin\jdk8u271\605\hotspot\src\share\vm\classfile\systemDictionary
Event: 67.660 Thread 0x000001eee9bf4800 Exception <a 'java/lang/ClassNotFoundException': org/springframework/beans/factory/DisposableBeanCustomizer> (0x00000000ef78b3c8) thrown at [C:\jenkins\workspace\8-2-build-windows-amd64-cygwin\jdk8u271\605\hotspot\src\share\vm\classfile\systemDictionary.c
Event: 67.895 Thread 0x000001eee9bf4800 Exception <a 'java/io/FileNotFoundException'> (0x00000000efac05d8) thrown at [C:\jenkins\workspace\8-2-build-windows-amd64-cygwin\jdk8u271\605\hotspot\src\share\vm\prims\jni.cpp, line 710]

Events (10 events):
Event: 68.032 loading class org/springframework/boot/web/servlet/context/WebServerStartStopLifecycle
Event: 68.032 loading class org/springframework/boot/web/servlet/context/WebServerStartStopLifecycle done
Event: 68.034 loading class org/springframework/web/context/support/ServletContextPropertySource
Event: 68.035 loading class org/springframework/web/context/support/ServletContextPropertySource done
Event: 68.043 loading class org/apache/catalina/core/ContainerBase$ContainerBackgroundProcessor
Event: 68.043 loading class org/apache/catalina/core/ContainerBase$ContainerBackgroundProcessor done
Event: 68.045 loading class org/springframework/instrument/classloading/LoadTimeWeaver
Event: 68.045 loading class org/springframework/instrument/classloading/LoadTimeWeaver done
Event: 68.046 loading class org/apache/catalina/core/StandardServer$2
Event: 68.046 loading class org/apache/catalina/core/StandardServer$2 done


Dynamic libraries:
0x00007ff644900000 - 0x00007ff644947000 	C:\Program Files\Java\jdk1.8.0_271\bin\java.exe
0x00007ffd95000000 - 0x00007ffd951ed000 	C:\Windows\SYSTEM32\ntdll.dll
0x00007ffd64be0000 - 0x00007ffd64bf2000 	C:\Program Files\AVAST Software\Avast\aswhook.dll
0x00007ffd94e30000 - 0x00007ffd94ee3000 	C:\Windows\System32\KERNEL32.DLL
0x00007ffd91110000 - 0x00007ffd913a5000 	C:\Windows\System32\KERNELBASE.dll
0x00007ffd92900000 - 0x00007ffd929a3000 	C:\Windows\System32\ADVAPI32.dll
0x00007ffd94cd0000 - 0x00007ffd94d6e000 	C:\Windows\System32\msvcrt.dll
0x00007ffd92250000 - 0x00007ffd922ee000 	C:\Windows\System32\sechost.dll
0x00007ffd94af0000 - 0x00007ffd94c12000 	C:\Windows\System32\RPCRT4.dll
0x00007ffd94950000 - 0x00007ffd94ae7000 	C:\Windows\System32\USER32.dll
0x00007ffd910c0000 - 0x00007ffd910e0000 	C:\Windows\System32\win32u.dll
0x00007ffd929b0000 - 0x00007ffd929d9000 	C:\Windows\System32\GDI32.dll
0x00007ffd92030000 - 0x00007ffd921ca000 	C:\Windows\System32\gdi32full.dll
0x00007ffd91d40000 - 0x00007ffd91de0000 	C:\Windows\System32\msvcp_win.dll
0x00007ffd91e00000 - 0x00007ffd91efa000 	C:\Windows\System32\ucrtbase.dll
0x00007ffd751e0000 - 0x00007ffd75459000 	C:\Windows\WinSxS\amd64_microsoft.windows.common-controls_6595b64144ccf1df_6.0.17763.1282_none_de75b6f253473c0f\COMCTL32.dll
0x00007ffd943b0000 - 0x00007ffd946dc000 	C:\Windows\System32\combase.dll
0x00007ffd91fb0000 - 0x00007ffd9202e000 	C:\Windows\System32\bcryptPrimitives.dll
0x00007ffd92770000 - 0x00007ffd9279e000 	C:\Windows\System32\IMM32.DLL
0x00007ffd829f0000 - 0x00007ffd82a05000 	C:\Program Files\Java\jdk1.8.0_271\jre\bin\vcruntime140.dll
0x00007ffd6e580000 - 0x00007ffd6e61b000 	C:\Program Files\Java\jdk1.8.0_271\jre\bin\msvcp140.dll
0x0000000055640000 - 0x0000000055eaf000 	C:\Program Files\Java\jdk1.8.0_271\jre\bin\server\jvm.dll
0x00007ffd94940000 - 0x00007ffd94948000 	C:\Windows\System32\PSAPI.DLL
0x00007ffd86010000 - 0x00007ffd86019000 	C:\Windows\SYSTEM32\WSOCK32.dll
0x00007ffd94340000 - 0x00007ffd943ad000 	C:\Windows\System32\WS2_32.dll
0x00007ffd8cf80000 - 0x00007ffd8cfa4000 	C:\Windows\SYSTEM32\WINMM.dll
0x00007ffd89f10000 - 0x00007ffd89f1a000 	C:\Windows\SYSTEM32\VERSION.dll
0x00007ffd8cf50000 - 0x00007ffd8cf7d000 	C:\Windows\SYSTEM32\WINMMBASE.dll
0x00007ffd921d0000 - 0x00007ffd9221a000 	C:\Windows\System32\cfgmgr32.dll
0x00007ffd910a0000 - 0x00007ffd910b1000 	C:\Windows\System32\kernel.appcore.dll
0x00007ffd8c300000 - 0x00007ffd8c310000 	C:\Program Files\Java\jdk1.8.0_271\jre\bin\verify.dll
0x00007ffd80f30000 - 0x00007ffd80f5b000 	C:\Program Files\Java\jdk1.8.0_271\jre\bin\java.dll
0x00007ffd7cfb0000 - 0x00007ffd7cfe0000 	C:\Program Files\Java\jdk1.8.0_271\jre\bin\instrument.dll
0x00007ffd829d0000 - 0x00007ffd829e8000 	C:\Program Files\Java\jdk1.8.0_271\jre\bin\zip.dll
0x00007ffd92b90000 - 0x00007ffd94088000 	C:\Windows\System32\SHELL32.dll
0x00007ffd94890000 - 0x00007ffd94938000 	C:\Windows\System32\shcore.dll
0x00007ffd913b0000 - 0x00007ffd91aff000 	C:\Windows\System32\windows.storage.dll
0x00007ffd90ff0000 - 0x00007ffd91014000 	C:\Windows\System32\profapi.dll
0x00007ffd91020000 - 0x00007ffd9107d000 	C:\Windows\System32\powrprof.dll
0x00007ffd94dd0000 - 0x00007ffd94e22000 	C:\Windows\System32\shlwapi.dll
0x00007ffd91de0000 - 0x00007ffd91df7000 	C:\Windows\System32\cryptsp.dll
0x00007ffd7f730000 - 0x00007ffd7f74a000 	C:\Program Files\JetBrains\IntelliJ IDEA 2020.2.4\bin\breakgen64.dll
0x00007ffd82960000 - 0x00007ffd8297c000 	C:\Program Files\Java\jdk1.8.0_271\jre\bin\net.dll
0x00007ffd90850000 - 0x00007ffd908b7000 	C:\Windows\system32\mswsock.dll
0x00007ffd905b0000 - 0x00007ffd90677000 	C:\Windows\SYSTEM32\DNSAPI.dll
0x00007ffd94200000 - 0x00007ffd94208000 	C:\Windows\System32\NSI.dll
0x00007ffd90570000 - 0x00007ffd905ad000 	C:\Windows\SYSTEM32\IPHLPAPI.DLL
0x00007ffd88e40000 - 0x00007ffd88e4a000 	C:\Windows\System32\rasadhlp.dll
0x00007ffd869e0000 - 0x00007ffd86a59000 	C:\Windows\System32\fwpuclnt.dll
0x00007ffd910e0000 - 0x00007ffd91106000 	C:\Windows\System32\bcrypt.dll
0x00007ffd82cc0000 - 0x00007ffd82ccd000 	C:\Program Files\Java\jdk1.8.0_271\jre\bin\management.dll
0x00007ffd81290000 - 0x00007ffd812a3000 	C:\Program Files\Java\jdk1.8.0_271\jre\bin\nio.dll
0x00007ffd903d0000 - 0x00007ffd90403000 	C:\Windows\system32\rsaenh.dll
0x00007ffd90ee0000 - 0x00007ffd90f08000 	C:\Windows\SYSTEM32\USERENV.dll
0x00007ffd90a20000 - 0x00007ffd90a2c000 	C:\Windows\SYSTEM32\CRYPTBASE.dll
0x00007ffd88510000 - 0x00007ffd88526000 	C:\Windows\SYSTEM32\dhcpcsvc6.DLL
0x00007ffd88e50000 - 0x00007ffd88e6c000 	C:\Windows\SYSTEM32\dhcpcsvc.DLL
0x00007ffd80de0000 - 0x00007ffd80df6000 	C:\Windows\system32\napinsp.dll
0x00007ffd80dc0000 - 0x00007ffd80dda000 	C:\Windows\system32\pnrpnsp.dll
0x00007ffd80a60000 - 0x00007ffd80a6e000 	C:\Windows\System32\winrnr.dll
0x00007ffd8db80000 - 0x00007ffd8db9b000 	C:\Windows\system32\NLAapi.dll
0x00007ffd80a40000 - 0x00007ffd80a55000 	C:\Windows\system32\wshbth.dll

VM Arguments:
jvm_args: -XX:TieredStopAtLevel=1 -Xverify:none -Dspring.output.ansi.enabled=always -Dcom.sun.management.jmxremote -Dspring.jmx.enabled=true -Dspring.liveBeansView.mbeanDomain -Dspring.application.admin.enabled=true -javaagent:C:\Program Files\JetBrains\IntelliJ IDEA 2020.2.4\lib\idea_rt.jar=51832:C:\Program Files\JetBrains\IntelliJ IDEA 2020.2.4\bin -Dfile.encoding=UTF-8 
java_command: org.sid.inventoryservice.InventoryServiceApplication
java_class_path (initial): C:\Program Files\Java\jdk1.8.0_271\jre\lib\charsets.jar;C:\Program Files\Java\jdk1.8.0_271\jre\lib\deploy.jar;C:\Program Files\Java\jdk1.8.0_271\jre\lib\ext\access-bridge-64.jar;C:\Program Files\Java\jdk1.8.0_271\jre\lib\ext\cldrdata.jar;C:\Program Files\Java\jdk1.8.0_271\jre\lib\ext\dnsns.jar;C:\Program Files\Java\jdk1.8.0_271\jre\lib\ext\jaccess.jar;C:\Program Files\Java\jdk1.8.0_271\jre\lib\ext\jfxrt.jar;C:\Program Files\Java\jdk1.8.0_271\jre\lib\ext\localedata.jar;C:\Program Files\Java\jdk1.8.0_271\jre\lib\ext\nashorn.jar;C:\Program Files\Java\jdk1.8.0_271\jre\lib\ext\sunec.jar;C:\Program Files\Java\jdk1.8.0_271\jre\lib\ext\sunjce_provider.jar;C:\Program Files\Java\jdk1.8.0_271\jre\lib\ext\sunmscapi.jar;C:\Program Files\Java\jdk1.8.0_271\jre\lib\ext\sunpkcs11.jar;C:\Program Files\Java\jdk1.8.0_271\jre\lib\ext\zipfs.jar;C:\Program Files\Java\jdk1.8.0_271\jre\lib\javaws.jar;C:\Program Files\Java\jdk1.8.0_271\jre\lib\jce.jar;C:\Program Files\Java\jdk1.8.0_271\jre\lib\jfr.jar;C:\Program Files\Java\jdk1.8.0_271\jre\lib\jfxswt.jar;C:\Program Files\Java\jdk1.8.0_271\jre\lib\jsse.jar;C:\Program Files\Java\jdk1.8.0_271\jre\lib\management-agent.jar;C:\Program Files\Java\jdk1.8.0_271\jre\lib\plugin.jar;C:\Program Files\Java\jdk1.8.0_271\jre\lib\resources.jar;C:\Program Files\Java\jdk1.8.0_271\jre\lib\rt.jar;C:\Users\dell\IdeaProjects\inventory-service\target\classes;C:\Users\dell\.m2\repository\org\springframework\boot\spring-boot-starter-actuator\2.3.7.RELEASE\spring-boot-starter-actuator-2.3.7.RELEASE.jar;C:\Users\dell\.m2\repository\org\springframework\boot\spring-boot-starter\2.3.7.RELEASE\spring-boot-starter-2.3.7.RELEASE.jar;C:\Users\dell\.m2\repository\org\springframework\boot\spring-boot-starter-logging\2.3.7.RELEASE\spring-boot-starter-logging-2.3.7.RELEASE.jar;C:\Users\dell\.m2\repository\ch\qos\logback\logback-classic\1.2.3\logback-classic-1.2.3.jar;C:\Users\dell\.m2\repository\ch\qos\logback\logback-core\1.2.3\logback-core-1.2.3.jar
Launcher Type: SUN_STANDARD

Environment Variables:
PATH=C:\Program Files (x86)\Common Files\Oracle\Java\javapath;C:\Python38\Scripts\;C:\Python38\;C:\Program Files\Java\jdk-13.0.1\bin;C:\Windows\system32;C:\Windows;C:\Windows\System32\Wbem;C:\Windows\System32\WindowsPowerShell\v1.0\;C:\Windows\System32\OpenSSH\;C:\Users\dell\.dnx\bin;C:\Program Files\Microsoft DNX\Dnvm\;C:\wamp64\bin\php\php5.6.40;C:\ProgramData\ComposerSetup\bin;C:\Program Files\nodejs\;C:\ProgramData\chocolatey\bin;C:\Program Files\Git\cmd;C:\Program Files\PuTTY\;C:\Program Files (x86)\Microsoft SQL Server\110\DTS\Binn\;C:\Users\dell\AppData\Local\Microsoft\WindowsApps;C:\Users\dell\AppData\Roaming\Composer\vendor\bin;C:\GnuWin32\bin;C:\Dev-Cpp\bin;C:\Flex Windows\gcc\bin;C:\Flex Windows\Lex\bin;C:\Flex Windows\bison\bin;C:\Users\dell\AppData\Roaming\npm;C:\Users\dell\AppData\Local\Programs\Microsoft VS Code\bin;C:\Program Files\JetBrains\PyCharm Community Edition 2020.2.3\bin;;C:\Program Files\JetBrains\IntelliJ IDEA Community Edition 2020.2.3\bin;;C:\Program Files\JetBrains\IntelliJ IDEA 2020.2.4\bin;;C:\Program Files\JetBrains\PhpStorm 2020.3\bin;
USERNAME=dell
OS=Windows_NT
PROCESSOR_IDENTIFIER=Intel64 Family 6 Model 42 Stepping 7, GenuineIntel



---------------  S Y S T E M  ---------------

OS: Windows 10.0 , 64 bit Build 17763 (10.0.17763.1158)

CPU:total 4 (initial active 4) (2 cores per cpu, 2 threads per core) family 6 model 42 stepping 7, cmov, cx8, fxsr, mmx, sse, sse2, sse3, ssse3, sse4.1, sse4.2, popcnt, avx, aes, clmul, ht, tsc, tscinvbit

Memory: 4k page, physical 4072340k(54056k free), swap 7435424k(148k free)

vm_info: Java HotSpot(TM) 64-Bit Server VM (25.271-b09) for windows-amd64 JRE (1.8.0_271-b09), built on Sep 16 2020 19:14:59 by "" with MS VC++ 15.9 (VS2017)

time: Fri Jan  1 18:02:02 2021
timezone: Maroc (heure d?été)
elapsed time: 68.234315 seconds (0d 0h 1m 8s)

